<?xml version="1.0" encoding="UTF-8"?>
<!-- Generated by org.testng.reporters.JUnitXMLReporter -->
<testsuite hostname="DESKTOP-RCI0U7A" ignored="1" name="Run on CHROME" tests="3" failures="0" timestamp="31 Oct 2022 13:51:13 GMT" time="29.028" errors="0">
  <testcase name="Login_With_Invalid_Account" time="2.343" classname="hrm.login.Login"/>
  <testcase name="Login_With_Valid_Account" time="5.249" classname="hrm.login.Login"/>
  <testcase name="Add_New_Employee" time="4.383" classname="hrm.login.Dashboard"/>
  <testcase name="@BeforeTest deleteAllFilesInReportNGScreenshot" time="0.0" classname="commons.BaseTest">
    <ignored/>
  </testcase> <!-- @BeforeTest deleteAllFilesInReportNGScreenshot -->
</testsuite> <!-- Run on CHROME -->
